Determining if the pthread_create exist failed with the following output:
Change Dir: /home/bone/projects/xingzhe/src/CMakeFiles/CMakeTmp

Run Build Command:"/usr/bin/make" "cmTC_7ee95/fast"
/usr/bin/make -f CMakeFiles/cmTC_7ee95.dir/build.make CMakeFiles/cmTC_7ee95.dir/build
make[1]: Entering directory '/home/bone/projects/xingzhe/src/CMakeFiles/CMakeTmp'
Building C object CMakeFiles/cmTC_7ee95.dir/CheckSymbolExists.c.o
/usr/bin/cc     -o CMakeFiles/cmTC_7ee95.dir/CheckSymbolExists.c.o   -c /home/bone/projects/xingzhe/src/CMakeFiles/CMakeTmp/CheckSymbolExists.c
Linking C executable cmTC_7ee95
/usr/bin/cmake -E cmake_link_script CMakeFiles/cmTC_7ee95.dir/link.txt --verbose=1
/usr/bin/cc       CMakeFiles/cmTC_7ee95.dir/CheckSymbolExists.c.o  -o cmTC_7ee95 -rdynamic 
CMakeFiles/cmTC_7ee95.dir/CheckSymbolExists.c.o: In function `main':
CheckSymbolExists.c:(.text+0x16): undefined reference to `pthread_create'
collect2: error: ld returned 1 exit status
CMakeFiles/cmTC_7ee95.dir/build.make:97: recipe for target 'cmTC_7ee95' failed
make[1]: *** [cmTC_7ee95] Error 1
make[1]: Leaving directory '/home/bone/projects/xingzhe/src/CMakeFiles/CMakeTmp'
Makefile:126: recipe for target 'cmTC_7ee95/fast' failed
make: *** [cmTC_7ee95/fast] Error 2

File /home/bone/projects/xingzhe/src/CMakeFiles/CMakeTmp/CheckSymbolExists.c:
/* */
#include <pthread.h>

int main(int argc, char** argv)
{
  (void)argv;
#ifndef pthread_create
  return ((int*)(&pthread_create))[argc];
#else
  (void)argc;
  return 0;
#endif
}

Determining if the function pthread_create exists in the pthreads failed with the following output:
Change Dir: /home/bone/projects/xingzhe/src/CMakeFiles/CMakeTmp

Run Build Command:"/usr/bin/make" "cmTC_25190/fast"
/usr/bin/make -f CMakeFiles/cmTC_25190.dir/build.make CMakeFiles/cmTC_25190.dir/build
make[1]: Entering directory '/home/bone/projects/xingzhe/src/CMakeFiles/CMakeTmp'
Building C object CMakeFiles/cmTC_25190.dir/CheckFunctionExists.c.o
/usr/bin/cc    -DCHECK_FUNCTION_EXISTS=pthread_create   -o CMakeFiles/cmTC_25190.dir/CheckFunctionExists.c.o   -c /usr/share/cmake-3.5/Modules/CheckFunctionExists.c
Linking C executable cmTC_25190
/usr/bin/cmake -E cmake_link_script CMakeFiles/cmTC_25190.dir/link.txt --verbose=1
/usr/bin/cc   -DCHECK_FUNCTION_EXISTS=pthread_create    CMakeFiles/cmTC_25190.dir/CheckFunctionExists.c.o  -o cmTC_25190 -rdynamic -lpthreads 
/usr/bin/ld: cannot find -lpthreads
collect2: error: ld returned 1 exit status
CMakeFiles/cmTC_25190.dir/build.make:97: recipe for target 'cmTC_25190' failed
make[1]: *** [cmTC_25190] Error 1
make[1]: Leaving directory '/home/bone/projects/xingzhe/src/CMakeFiles/CMakeTmp'
Makefile:126: recipe for target 'cmTC_25190/fast' failed
make: *** [cmTC_25190/fast] Error 2


